# JRE version: Java(TM) SE Runtime Environment (8.0_211-b12) (build 1.8.0_211-b12)
# Java VM: Java HotSpot(TM) 64-Bit Server VM (25.211-b12 mixed mode bsd-amd64 compressed oops)
Heap:
 PSYoungGen      total 332288K, used 106450K [0x0000000795580000, 0x00000007ac400000, 0x00000007c0000000)
  eden space 314368K, 33% used [0x0000000795580000,0x000000079bd74a08,0x00000007a8880000)
  from space 17920K, 0% used [0x00000007a9c00000,0x00000007a9c00000,0x00000007aad80000)
  to   space 19968K, 0% used [0x00000007a8880000,0x00000007a8880000,0x00000007a9c00000)
 ParOldGen       total 286208K, used 140224K [0x0000000740000000, 0x0000000751780000, 0x0000000795580000)
  object space 286208K, 48% used [0x0000000740000000,0x00000007488f01a8,0x0000000751780000)
 Metaspace       used 56513K, capacity 59718K, committed 59904K, reserved 1101824K
  class space    used 7782K, capacity 8416K, committed 8448K, reserved 1048576K
GC Heap History (10 events):
Event: 3.296 GC heap before
{Heap before GC invocations=7 (full 1):
 PSYoungGen      total 138240K, used 42968K [0x0000000795580000, 0x00000007a3600000, 0x00000007c0000000)
  eden space 133120K, 28% used [0x0000000795580000,0x0000000797a78f38,0x000000079d780000)
  from space 5120K, 99% used [0x000000079d780000,0x000000079dc7d108,0x000000079dc80000)
  to   space 12800K, 0% used [0x00000007a2980000,0x00000007a2980000,0x00000007a3600000)
 ParOldGen       total 54784K, used 15818K [0x0000000740000000, 0x0000000743580000, 0x0000000795580000)
  object space 54784K, 28% used [0x0000000740000000,0x0000000740f72868,0x0000000743580000)
 Metaspace       used 33811K, capacity 35376K, committed 35456K, reserved 1079296K
  class space    used 4601K, capacity 4948K, committed 4992K, reserved 1048576K
Event: 3.303 GC heap after
Heap after GC invocations=7 (full 1):
 PSYoungGen      total 217600K, used 7630K [0x0000000795580000, 0x00000007a4e00000, 0x00000007c0000000)
  eden space 204800K, 0% used [0x0000000795580000,0x0000000795580000,0x00000007a1d80000)
  from space 12800K, 59% used [0x00000007a2980000,0x00000007a30f3bd0,0x00000007a3600000)
  to   space 12288K, 0% used [0x00000007a1d80000,0x00000007a1d80000,0x00000007a2980000)
 ParOldGen       total 54784K, used 15826K [0x0000000740000000, 0x0000000743580000, 0x0000000795580000)
  object space 54784K, 28% used [0x0000000740000000,0x0000000740f74868,0x0000000743580000)
 Metaspace       used 33811K, capacity 35376K, committed 35456K, reserved 1079296K
  class space    used 4601K, capacity 4948K, committed 4992K, reserved 1048576K
}
Event: 3.303 GC heap before
{Heap before GC invocations=8 (full 2):
 PSYoungGen      total 217600K, used 7630K [0x0000000795580000, 0x00000007a4e00000, 0x00000007c0000000)
  eden space 204800K, 0% used [0x0000000795580000,0x0000000795580000,0x00000007a1d80000)
  from space 12800K, 59% used [0x00000007a2980000,0x00000007a30f3bd0,0x00000007a3600000)
  to   space 12288K, 0% used [0x00000007a1d80000,0x00000007a1d80000,0x00000007a2980000)
 ParOldGen       total 54784K, used 15826K [0x0000000740000000, 0x0000000743580000, 0x0000000795580000)
  object space 54784K, 28% used [0x0000000740000000,0x0000000740f74868,0x0000000743580000)
 Metaspace       used 33811K, capacity 35376K, committed 35456K, reserved 1079296K
  class space    used 4601K, capacity 4948K, committed 4992K, reserved 1048576K
Event: 3.340 GC heap after
Heap after GC invocations=8 (full 2):
 PSYoungGen      total 217600K, used 0K [0x0000000795580000, 0x00000007a4e00000, 0x00000007c0000000)
  eden space 204800K, 0% used [0x0000000795580000,0x0000000795580000,0x00000007a1d80000)
  from space 12800K, 0% used [0x00000007a2980000,0x00000007a2980000,0x00000007a3600000)
  to   space 12288K, 0% used [0x00000007a1d80000,0x00000007a1d80000,0x00000007a2980000)
 ParOldGen       total 77824K, used 12901K [0x0000000740000000, 0x0000000744c00000, 0x0000000795580000)
  object space 77824K, 16% used [0x0000000740000000,0x0000000740c995d8,0x0000000744c00000)
 Metaspace       used 33811K, capacity 35376K, committed 35456K, reserved 1079296K
  class space    used 4601K, capacity 4948K, committed 4992K, reserved 1048576K
}
Event: 4.525 GC heap before
{Heap before GC invocations=9 (full 2):
 PSYoungGen      total 217600K, used 204800K [0x0000000795580000, 0x00000007a4e00000, 0x00000007c0000000)
  eden space 204800K, 100% used [0x0000000795580000,0x00000007a1d80000,0x00000007a1d80000)
  from space 12800K, 0% used [0x00000007a2980000,0x00000007a2980000,0x00000007a3600000)
  to   space 12288K, 0% used [0x00000007a1d80000,0x00000007a1d80000,0x00000007a2980000)
 ParOldGen       total 77824K, used 12901K [0x0000000740000000, 0x0000000744c00000, 0x0000000795580000)
  object space 77824K, 16% used [0x0000000740000000,0x0000000740c995d8,0x0000000744c00000)
 Metaspace       used 48700K, capacity 51474K, committed 51712K, reserved 1093632K
  class space    used 6569K, capacity 7113K, committed 7168K, reserved 1048576K
Event: 4.536 GC heap after
Heap after GC invocations=9 (full 2):
 PSYoungGen      total 217088K, used 12267K [0x0000000795580000, 0x00000007aad80000, 0x00000007c0000000)
  eden space 204800K, 0% used [0x0000000795580000,0x0000000795580000,0x00000007a1d80000)
  from space 12288K, 99% used [0x00000007a1d80000,0x00000007a297ac78,0x00000007a2980000)
  to   space 17920K, 0% used [0x00000007a9c00000,0x00000007a9c00000,0x00000007aad80000)
 ParOldGen       total 77824K, used 20593K [0x0000000740000000, 0x0000000744c00000, 0x0000000795580000)
  object space 77824K, 26% used [0x0000000740000000,0x000000074141c550,0x0000000744c00000)
 Metaspace       used 48700K, capacity 51474K, committed 51712K, reserved 1093632K
  class space    used 6569K, capacity 7113K, committed 7168K, reserved 1048576K
}
Event: 5.200 GC heap before
{Heap before GC invocations=10 (full 2):
 PSYoungGen      total 217088K, used 202437K [0x0000000795580000, 0x00000007aad80000, 0x00000007c0000000)
  eden space 204800K, 92% used [0x0000000795580000,0x00000007a0f36b20,0x00000007a1d80000)
  from space 12288K, 99% used [0x00000007a1d80000,0x00000007a297ac78,0x00000007a2980000)
  to   space 17920K, 0% used [0x00000007a9c00000,0x00000007a9c00000,0x00000007aad80000)
 ParOldGen       total 77824K, used 20593K [0x0000000740000000, 0x0000000744c00000, 0x0000000795580000)
  object space 77824K, 26% used [0x0000000740000000,0x000000074141c550,0x0000000744c00000)
 Metaspace       used 55011K, capacity 58198K, committed 58368K, reserved 1099776K
  class space    used 7522K, capacity 8140K, committed 8192K, reserved 1048576K
Event: 5.244 GC heap after
Heap after GC invocations=10 (full 2):
 PSYoungGen      total 332288K, used 16099K [0x0000000795580000, 0x00000007ac400000, 0x00000007c0000000)
  eden space 314368K, 0% used [0x0000000795580000,0x0000000795580000,0x00000007a8880000)
  from space 17920K, 89% used [0x00000007a9c00000,0x00000007aabb8f20,0x00000007aad80000)
  to   space 19968K, 0% used [0x00000007a8880000,0x00000007a8880000,0x00000007a9c00000)
 ParOldGen       total 179200K, used 168057K [0x0000000740000000, 0x000000074af00000, 0x0000000795580000)
  object space 179200K, 93% used [0x0000000740000000,0x000000074a41e5e0,0x000000074af00000)
 Metaspace       used 55011K, capacity 58198K, committed 58368K, reserved 1099776K
  class space    used 7522K, capacity 8140K, committed 8192K, reserved 1048576K
}
Event: 5.244 GC heap before
{Heap before GC invocations=11 (full 3):
 PSYoungGen      total 332288K, used 16099K [0x0000000795580000, 0x00000007ac400000, 0x00000007c0000000)
  eden space 314368K, 0% used [0x0000000795580000,0x0000000795580000,0x00000007a8880000)
  from space 17920K, 89% used [0x00000007a9c00000,0x00000007aabb8f20,0x00000007aad80000)
  to   space 19968K, 0% used [0x00000007a8880000,0x00000007a8880000,0x00000007a9c00000)
 ParOldGen       total 179200K, used 168057K [0x0000000740000000, 0x000000074af00000, 0x0000000795580000)
  object space 179200K, 93% used [0x0000000740000000,0x000000074a41e5e0,0x000000074af00000)
 Metaspace       used 55011K, capacity 58198K, committed 58368K, reserved 1099776K
  class space    used 7522K, capacity 8140K, committed 8192K, reserved 1048576K
Event: 5.340 GC heap after
Heap after GC invocations=11 (full 3):
 PSYoungGen      total 332288K, used 0K [0x0000000795580000, 0x00000007ac400000, 0x00000007c0000000)
  eden space 314368K, 0% used [0x0000000795580000,0x0000000795580000,0x00000007a8880000)
  from space 17920K, 0% used [0x00000007a9c00000,0x00000007a9c00000,0x00000007aad80000)
  to   space 19968K, 0% used [0x00000007a8880000,0x00000007a8880000,0x00000007a9c00000)
 ParOldGen       total 286208K, used 140224K [0x0000000740000000, 0x0000000751780000, 0x0000000795580000)
  object space 286208K, 48% used [0x0000000740000000,0x00000007488f01a8,0x0000000751780000)
 Metaspace       used 55011K, capacity 58198K, committed 58368K, reserved 1099776K
  class space    used 7522K, capacity 8140K, committed 8192K, reserved 1048576K
}

